0 info it worked if it ends with ok
1 verbose cli [ '/home/galen/.nvm/versions/node/v7.7.0/bin/node',
1 verbose cli   '/home/galen/.nvm/versions/node/v7.7.0/bin/npm',
1 verbose cli   'run',
1 verbose cli   'dev-build' ]
2 info using npm@4.1.2
3 info using node@v7.7.0
4 verbose run-script [ 'predev-build', 'dev-build', 'postdev-build' ]
5 info lifecycle blog@0.0.1~predev-build: blog@0.0.1
6 silly lifecycle blog@0.0.1~predev-build: no script for predev-build, continuing
7 info lifecycle blog@0.0.1~dev-build: blog@0.0.1
8 verbose lifecycle blog@0.0.1~dev-build: unsafe-perm in lifecycle true
9 verbose lifecycle blog@0.0.1~dev-build: PATH: /home/galen/.nvm/versions/node/v7.7.0/lib/node_modules/npm/bin/node-gyp-bin:/mnt/c/github/blog/node_modules/.bin:/home/galen/.nvm/versions/node/v7.7.0/bin:/usr/bin:/usr/sbin:/usr/lib:/usr/local/sbin:/usr/local/bin:/usr/sbin:/usr/bin:/sbin:/bin:/usr/games:/usr/local/games:/mnt/c/cmder/vendor/conemu-maximus5/ConEmu/Scripts:/mnt/c/cmder/vendor/conemu-maximus5:/mnt/c/cmder/vendor/conemu-maximus5/ConEmu:/mnt/c/ProgramData/Oracle/Java/javapath_target_1647234:/mnt/c/Program Files (x86)/Intel/iCLS Client:/mnt/c/Program Files/Intel/iCLS Client:/mnt/c/Windows/System32:/mnt/c/Windows:/mnt/c/Windows/System32/wbem:/mnt/c/Windows/System32/WindowsPowerShell/v1.0:/mnt/c/Program Files (x86)/Intel/Intel(R) Management Engine Components/DAL:/mnt/c/Program Files/Intel/Intel(R) Management Engine Components/DAL:/mnt/c/Program Files (x86)/Intel/Intel(R) Management Engine Components/IPT:/mnt/c/Program Files/Intel/Intel(R) Management Engine Components/IPT:/mnt/c/Users/Galen/AppData/Local/Programs/Git/cmd:/mnt/c/Users/Galen/AppData/Local/Programs/Git/mingw64/bin:/mnt/c/Users/Galen/AppData/Local/Programs/Git/usr/bin:/mnt/c/Program Files/nodejs:/mnt/c/Users/Galen/AppData/Local/Microsoft/WindowsApps:/mnt/c/Program Files (x86)/Microsoft VS Code/bin:/mnt/c/Users/Galen/AppData/Roaming/npm
10 verbose lifecycle blog@0.0.1~dev-build: CWD: /mnt/c/github/blog
11 silly lifecycle blog@0.0.1~dev-build: Args: [ '-c',
11 silly lifecycle   'rm -rf ./dist && cross-env NODE_BD=build NODE_RUNTIME_ENV=development node ./build/build.js' ]
12 silly lifecycle blog@0.0.1~dev-build: Returned: code: 1  signal: null
13 info lifecycle blog@0.0.1~dev-build: Failed to exec dev-build script
14 verbose stack Error: blog@0.0.1 dev-build: `rm -rf ./dist && cross-env NODE_BD=build NODE_RUNTIME_ENV=development node ./build/build.js`
14 verbose stack Exit status 1
14 verbose stack     at EventEmitter.<anonymous> (/home/galen/.nvm/versions/node/v7.7.0/lib/node_modules/npm/lib/utils/lifecycle.js:279:16)
14 verbose stack     at emitTwo (events.js:106:13)
14 verbose stack     at EventEmitter.emit (events.js:194:7)
14 verbose stack     at ChildProcess.<anonymous> (/home/galen/.nvm/versions/node/v7.7.0/lib/node_modules/npm/lib/utils/spawn.js:40:14)
14 verbose stack     at emitTwo (events.js:106:13)
14 verbose stack     at ChildProcess.emit (events.js:194:7)
14 verbose stack     at maybeClose (internal/child_process.js:899:16)
14 verbose stack     at Process.ChildProcess._handle.onexit (internal/child_process.js:226:5)
15 verbose pkgid blog@0.0.1
16 verbose cwd /mnt/c/github/blog
17 error Linux 4.4.0-43-Microsoft
18 error argv "/home/galen/.nvm/versions/node/v7.7.0/bin/node" "/home/galen/.nvm/versions/node/v7.7.0/bin/npm" "run" "dev-build"
19 error node v7.7.0
20 error npm  v4.1.2
21 error code ELIFECYCLE
22 error blog@0.0.1 dev-build: `rm -rf ./dist && cross-env NODE_BD=build NODE_RUNTIME_ENV=development node ./build/build.js`
22 error Exit status 1
23 error Failed at the blog@0.0.1 dev-build script 'rm -rf ./dist && cross-env NODE_BD=build NODE_RUNTIME_ENV=development node ./build/build.js'.
23 error Make sure you have the latest version of node.js and npm installed.
23 error If you do, this is most likely a problem with the blog package,
23 error not with npm itself.
23 error Tell the author that this fails on your system:
23 error     rm -rf ./dist && cross-env NODE_BD=build NODE_RUNTIME_ENV=development node ./build/build.js
23 error You can get information on how to open an issue for this project with:
23 error     npm bugs blog
23 error Or if that isn't available, you can get their info via:
23 error     npm owner ls blog
23 error There is likely additional logging output above.
24 verbose exit [ 1, true ]
